                                 Started job on |	Dec 11 13:08:12
                             Started mapping on |	Dec 11 13:08:13
                                    Finished on |	Dec 11 13:08:21
       Mapping speed, Million of reads per hour |	848.40

                          Number of input reads |	1885330
                      Average input read length |	51
                                    UNIQUE READS:
                   Uniquely mapped reads number |	1686907
                        Uniquely mapped reads % |	89.48%
                          Average mapped length |	50.73
                       Number of splices: Total |	13285
            Number of splices: Annotated (sjdb) |	12611
                       Number of splices: GT/AG |	13158
                       Number of splices: GC/AG |	29
                       Number of splices: AT/AC |	1
               Number of splices: Non-canonical |	97
                      Mismatch rate per base, % |	0.36%
                         Deletion rate per base |	0.00%
                        Deletion average length |	1.39
                        Insertion rate per base |	0.00%
                       Insertion average length |	1.05
                             MULTI-MAPPING READS:
        Number of reads mapped to multiple loci |	0
             % of reads mapped to multiple loci |	0.00%
        Number of reads mapped to too many loci |	157138
             % of reads mapped to too many loci |	8.33%
                                  UNMAPPED READS:
  Number of reads unmapped: too many mismatches |	0
       % of reads unmapped: too many mismatches |	0.00%
            Number of reads unmapped: too short |	40803
                 % of reads unmapped: too short |	2.16%
                Number of reads unmapped: other |	482
                     % of reads unmapped: other |	0.03%
                                  CHIMERIC READS:
                       Number of chimeric reads |	0
                            % of chimeric reads |	0.00%
