                                 Started job on |	Dec 11 13:07:44
                             Started mapping on |	Dec 11 13:07:45
                                    Finished on |	Dec 11 13:07:53
       Mapping speed, Million of reads per hour |	492.28

                          Number of input reads |	1093957
                      Average input read length |	51
                                    UNIQUE READS:
                   Uniquely mapped reads number |	937364
                        Uniquely mapped reads % |	85.69%
                          Average mapped length |	50.73
                       Number of splices: Total |	7871
            Number of splices: Annotated (sjdb) |	7483
                       Number of splices: GT/AG |	7785
                       Number of splices: GC/AG |	7
                       Number of splices: AT/AC |	0
               Number of splices: Non-canonical |	79
                      Mismatch rate per base, % |	0.36%
                         Deletion rate per base |	0.00%
                        Deletion average length |	1.36
                        Insertion rate per base |	0.00%
                       Insertion average length |	1.05
                             MULTI-MAPPING READS:
        Number of reads mapped to multiple loci |	0
             % of reads mapped to multiple loci |	0.00%
        Number of reads mapped to too many loci |	123951
             % of reads mapped to too many loci |	11.33%
                                  UNMAPPED READS:
  Number of reads unmapped: too many mismatches |	0
       % of reads unmapped: too many mismatches |	0.00%
            Number of reads unmapped: too short |	32248
                 % of reads unmapped: too short |	2.95%
                Number of reads unmapped: other |	394
                     % of reads unmapped: other |	0.04%
                                  CHIMERIC READS:
                       Number of chimeric reads |	0
                            % of chimeric reads |	0.00%
