                                 Started job on |	Dec 11 13:07:53
                             Started mapping on |	Dec 11 13:07:54
                                    Finished on |	Dec 11 13:08:02
       Mapping speed, Million of reads per hour |	485.12

                          Number of input reads |	1078049
                      Average input read length |	51
                                    UNIQUE READS:
                   Uniquely mapped reads number |	923793
                        Uniquely mapped reads % |	85.69%
                          Average mapped length |	50.71
                       Number of splices: Total |	7650
            Number of splices: Annotated (sjdb) |	7278
                       Number of splices: GT/AG |	7569
                       Number of splices: GC/AG |	8
                       Number of splices: AT/AC |	1
               Number of splices: Non-canonical |	72
                      Mismatch rate per base, % |	0.33%
                         Deletion rate per base |	0.00%
                        Deletion average length |	1.40
                        Insertion rate per base |	0.00%
                       Insertion average length |	1.03
                             MULTI-MAPPING READS:
        Number of reads mapped to multiple loci |	0
             % of reads mapped to multiple loci |	0.00%
        Number of reads mapped to too many loci |	122116
             % of reads mapped to too many loci |	11.33%
                                  UNMAPPED READS:
  Number of reads unmapped: too many mismatches |	0
       % of reads unmapped: too many mismatches |	0.00%
            Number of reads unmapped: too short |	31772
                 % of reads unmapped: too short |	2.95%
                Number of reads unmapped: other |	368
                     % of reads unmapped: other |	0.03%
                                  CHIMERIC READS:
                       Number of chimeric reads |	0
                            % of chimeric reads |	0.00%
