                                 Started job on |	Dec 11 13:08:02
                             Started mapping on |	Dec 11 13:08:03
                                    Finished on |	Dec 11 13:08:12
       Mapping speed, Million of reads per hour |	426.60

                          Number of input reads |	1066501
                      Average input read length |	51
                                    UNIQUE READS:
                   Uniquely mapped reads number |	913490
                        Uniquely mapped reads % |	85.65%
                          Average mapped length |	50.70
                       Number of splices: Total |	7536
            Number of splices: Annotated (sjdb) |	7120
                       Number of splices: GT/AG |	7449
                       Number of splices: GC/AG |	15
                       Number of splices: AT/AC |	0
               Number of splices: Non-canonical |	72
                      Mismatch rate per base, % |	0.33%
                         Deletion rate per base |	0.00%
                        Deletion average length |	1.36
                        Insertion rate per base |	0.00%
                       Insertion average length |	1.05
                             MULTI-MAPPING READS:
        Number of reads mapped to multiple loci |	0
             % of reads mapped to multiple loci |	0.00%
        Number of reads mapped to too many loci |	120959
             % of reads mapped to too many loci |	11.34%
                                  UNMAPPED READS:
  Number of reads unmapped: too many mismatches |	0
       % of reads unmapped: too many mismatches |	0.00%
            Number of reads unmapped: too short |	31675
                 % of reads unmapped: too short |	2.97%
                Number of reads unmapped: other |	377
                     % of reads unmapped: other |	0.04%
                                  CHIMERIC READS:
                       Number of chimeric reads |	0
                            % of chimeric reads |	0.00%
